CRITICAL - 2022-11-09 09:51:09 --> Trying to access array offset on value of type null
in APPPATH\Views\edit_user.php on line 29.
 1 APPPATH\Views\edit_user.php(29): CodeIgniter\Debug\Exceptions->errorHandler(8, 'Trying to access array offset on value of type null', 'APPPATH\\Views\\edit_user.php', 29, [...])
 2 SYSTEMPATH\View\View.php(213): include('APPPATH\\Views\\edit_user.php')
 3 SYSTEMPATH\View\View.php(216): CodeIgniter\View\View->CodeIgniter\View\{closure}()
 4 SYSTEMPATH\Common.php(1134): CodeIgniter\View\View->render('edit_user', [], true)
 5 APPPATH\Controllers\UserCrud.php(39): view('edit_user', [...])
 6 SYSTEMPATH\CodeIgniter.php(927): App\Controllers\UserCrud->singleUser('4431982010')
 7 SYSTEMPATH\CodeIgniter.php(482): CodeIgniter\CodeIgniter->runController(Object(App\Controllers\UserCrud))
 8 SYSTEMPATH\CodeIgniter.php(351): CodeIgniter\CodeIgniter->handleRequest(null, Object(Config\Cache), false)
 9 FCPATH\index.php(67): CodeIgniter\CodeIgniter->run()
ERROR - 2022-11-09 11:00:58 --> mysqli_sql_exception: Column 'name' cannot be null in C:\xampp\htdocs\usuarios\system\Database\MySQLi\Connection.php:292
Stack trace:
#0 C:\xampp\htdocs\usuarios\system\Database\MySQLi\Connection.php(292): mysqli->query('INSERT INTO `us...', 0)
#1 C:\xampp\htdocs\usuarios\system\Database\BaseConnection.php(666): CodeIgniter\Database\MySQLi\Connection->execute('INSERT INTO `us...')
#2 C:\xampp\htdocs\usuarios\system\Database\BaseConnection.php(593): CodeIgniter\Database\BaseConnection->simpleQuery('INSERT INTO `us...')
#3 C:\xampp\htdocs\usuarios\system\Database\BaseBuilder.php(1916): CodeIgniter\Database\BaseConnection->query('INSERT INTO `us...', Array, false)
#4 C:\xampp\htdocs\usuarios\system\Model.php(279): CodeIgniter\Database\BaseBuilder->insert()
#5 C:\xampp\htdocs\usuarios\system\BaseModel.php(749): CodeIgniter\Model->doInsert(Array)
#6 C:\xampp\htdocs\usuarios\system\Model.php(667): CodeIgniter\BaseModel->insert(Array, true)
#7 C:\xampp\htdocs\usuarios\app\Controllers\UserCrud.php(31): CodeIgniter\Model->insert(Array)
#8 C:\xampp\htdocs\usuarios\system\CodeIgniter.php(927): App\Controllers\UserCrud->store()
#9 C:\xampp\htdocs\usuarios\system\CodeIgniter.php(482): CodeIgniter\CodeIgniter->runController(Object(App\Controllers\UserCrud))
#10 C:\xampp\htdocs\usuarios\system\CodeIgniter.php(351): CodeIgniter\CodeIgniter->handleRequest(NULL, Object(Config\Cache), false)
#11 C:\xampp\htdocs\usuarios\index.php(67): CodeIgniter\CodeIgniter->run()
#12 {main}
CRITICAL - 2022-11-09 11:00:58 --> Column 'name' cannot be null
in SYSTEMPATH\Database\MySQLi\Connection.php on line 292.
 1 SYSTEMPATH\Database\MySQLi\Connection.php(292): mysqli->query('INSERT INTO `users` (`name`, `email`, `cell`) VALUES (NULL, \'\', NULL)', 0)
 2 SYSTEMPATH\Database\BaseConnection.php(666): CodeIgniter\Database\MySQLi\Connection->execute('INSERT INTO `users` (`name`, `email`, `cell`) VALUES (NULL, \'\', NULL)')
 3 SYSTEMPATH\Database\BaseConnection.php(593): CodeIgniter\Database\BaseConnection->simpleQuery('INSERT INTO `users` (`name`, `email`, `cell`) VALUES (NULL, \'\', NULL)')
 4 SYSTEMPATH\Database\BaseBuilder.php(1916): CodeIgniter\Database\BaseConnection->query('INSERT INTO `users` (`name`, `email`, `cell`) VALUES (:name:, :email:, :cell:)', [...], false)
 5 SYSTEMPATH\Model.php(279): CodeIgniter\Database\BaseBuilder->insert()
 6 SYSTEMPATH\BaseModel.php(749): CodeIgniter\Model->doInsert([...])
 7 SYSTEMPATH\Model.php(667): CodeIgniter\BaseModel->insert([...], true)
 8 APPPATH\Controllers\UserCrud.php(31): CodeIgniter\Model->insert([...])
 9 SYSTEMPATH\CodeIgniter.php(927): App\Controllers\UserCrud->store()
10 SYSTEMPATH\CodeIgniter.php(482): CodeIgniter\CodeIgniter->runController(Object(App\Controllers\UserCrud))
11 SYSTEMPATH\CodeIgniter.php(351): CodeIgniter\CodeIgniter->handleRequest(null, Object(Config\Cache), false)
12 FCPATH\index.php(67): CodeIgniter\CodeIgniter->run()
CRITICAL - 2022-11-09 11:06:50 --> Invalid file: product-list.php
in SYSTEMPATH\Exceptions\FrameworkException.php on line 33.
 1 SYSTEMPATH\View\View.php(201): CodeIgniter\Exceptions\FrameworkException::forInvalidFile('product-list.php')
 2 SYSTEMPATH\Common.php(1134): CodeIgniter\View\View->render('product-list', [], true)
 3 APPPATH\Controllers\ProductCrud.php(15): view('product-list')
 4 SYSTEMPATH\CodeIgniter.php(927): App\Controllers\ProductCrud->index()
 5 SYSTEMPATH\CodeIgniter.php(482): CodeIgniter\CodeIgniter->runController(Object(App\Controllers\ProductCrud))
 6 SYSTEMPATH\CodeIgniter.php(351): CodeIgniter\CodeIgniter->handleRequest(null, Object(Config\Cache), false)
 7 FCPATH\index.php(67): CodeIgniter\CodeIgniter->run()
CRITICAL - 2022-11-09 11:07:53 --> Invalid file: product-list.php
in SYSTEMPATH\Exceptions\FrameworkException.php on line 33.
 1 SYSTEMPATH\View\View.php(201): CodeIgniter\Exceptions\FrameworkException::forInvalidFile('product-list.php')
 2 SYSTEMPATH\Common.php(1134): CodeIgniter\View\View->render('product-list', [], true)
 3 APPPATH\Controllers\ProductCrud.php(15): view('product-list')
 4 SYSTEMPATH\CodeIgniter.php(927): App\Controllers\ProductCrud->index()
 5 SYSTEMPATH\CodeIgniter.php(482): CodeIgniter\CodeIgniter->runController(Object(App\Controllers\ProductCrud))
 6 SYSTEMPATH\CodeIgniter.php(351): CodeIgniter\CodeIgniter->handleRequest(null, Object(Config\Cache), false)
 7 FCPATH\index.php(67): CodeIgniter\CodeIgniter->run()
CRITICAL - 2022-11-09 11:09:01 --> Invalid file: product-list.php
in SYSTEMPATH\Exceptions\FrameworkException.php on line 33.
 1 SYSTEMPATH\View\View.php(201): CodeIgniter\Exceptions\FrameworkException::forInvalidFile('product-list.php')
 2 SYSTEMPATH\Common.php(1134): CodeIgniter\View\View->render('product-list', [], true)
 3 APPPATH\Controllers\ProductCrud.php(15): view('product-list')
 4 SYSTEMPATH\CodeIgniter.php(927): App\Controllers\ProductCrud->index()
 5 SYSTEMPATH\CodeIgniter.php(482): CodeIgniter\CodeIgniter->runController(Object(App\Controllers\ProductCrud))
 6 SYSTEMPATH\CodeIgniter.php(351): CodeIgniter\CodeIgniter->handleRequest(null, Object(Config\Cache), false)
 7 FCPATH\index.php(67): CodeIgniter\CodeIgniter->run()
