CRITICAL - 2022-11-06 04:21:20 --> The framework needs the following extension(s) installed and loaded: intl.
in SYSTEMPATH\CodeIgniter.php on line 224.
 1 SYSTEMPATH\CodeIgniter.php(224): CodeIgniter\Exceptions\FrameworkException::forMissingExtension('intl')
 2 SYSTEMPATH\CodeIgniter.php(182): CodeIgniter\CodeIgniter->resolvePlatformExtensions()
 3 FCPATH\index.php(55): CodeIgniter\CodeIgniter->initialize()
CRITICAL - 2022-11-06 04:21:49 --> The framework needs the following extension(s) installed and loaded: intl.
in SYSTEMPATH\CodeIgniter.php on line 224.
 1 SYSTEMPATH\CodeIgniter.php(224): CodeIgniter\Exceptions\FrameworkException::forMissingExtension('intl')
 2 SYSTEMPATH\CodeIgniter.php(182): CodeIgniter\CodeIgniter->resolvePlatformExtensions()
 3 FCPATH\index.php(55): CodeIgniter\CodeIgniter->initialize()
CRITICAL - 2022-11-06 04:22:12 --> The framework needs the following extension(s) installed and loaded: intl.
in SYSTEMPATH\CodeIgniter.php on line 224.
 1 SYSTEMPATH\CodeIgniter.php(224): CodeIgniter\Exceptions\FrameworkException::forMissingExtension('intl')
 2 SYSTEMPATH\CodeIgniter.php(182): CodeIgniter\CodeIgniter->resolvePlatformExtensions()
 3 FCPATH\index.php(55): CodeIgniter\CodeIgniter->initialize()
CRITICAL - 2022-11-06 04:25:23 --> The framework needs the following extension(s) installed and loaded: intl.
in SYSTEMPATH\CodeIgniter.php on line 224.
 1 SYSTEMPATH\CodeIgniter.php(224): CodeIgniter\Exceptions\FrameworkException::forMissingExtension('intl')
 2 SYSTEMPATH\CodeIgniter.php(182): CodeIgniter\CodeIgniter->resolvePlatformExtensions()
 3 FCPATH\index.php(55): CodeIgniter\CodeIgniter->initialize()
CRITICAL - 2022-11-06 04:56:00 --> The framework needs the following extension(s) installed and loaded: curl, intl, mbstring.
in SYSTEMPATH\CodeIgniter.php on line 224.
 1 SYSTEMPATH\CodeIgniter.php(224): CodeIgniter\Exceptions\FrameworkException::forMissingExtension('curl, intl, mbstring')
 2 SYSTEMPATH\CodeIgniter.php(182): CodeIgniter\CodeIgniter->resolvePlatformExtensions()
 3 ROOTPATH\spark(83): CodeIgniter\CodeIgniter->initialize()
CRITICAL - 2022-11-06 04:56:00 --> Uncaught Error: Call to undefined function CodeIgniter\CLI\mb_strpos() in C:\xampp\htdocs\proyecto\system\CLI\CLI.php:776
Stack trace:
#0 C:\xampp\htdocs\proyecto\system\CLI\CLI.php(161): CodeIgniter\CLI\CLI::parseCommandLine()
#1 C:\xampp\htdocs\proyecto\system\CLI\CLI.php(1018): CodeIgniter\CLI\CLI::init()
#2 C:\xampp\htdocs\proyecto\system\Autoloader\Autoloader.php(282): include_once('C:\\xampp\\htdocs...')
#3 C:\xampp\htdocs\proyecto\system\Autoloader\Autoloader.php(259): CodeIgniter\Autoloader\Autoloader->includeFile('C:\\xampp\\htdocs...')
#4 C:\xampp\htdocs\proyecto\system\Autoloader\Autoloader.php(237): CodeIgniter\Autoloader\Autoloader->loadInNamespace('CodeIgniter\\CLI...')
#5 [internal function]: CodeIgniter\Autoloader\Autoloader->loadClass('CodeIgniter\\CLI...')
#6 C:\xampp\htdocs\proyecto\app\Views\errors\cli\error_exception.php(6): spl_autoload_call('CodeIgniter\\CLI...')
#7 C:\xampp\htdocs\proyecto\system\Debug\Exceptions.php(284): include('C:\\xampp\\htdocs...')
#8 C:\xampp\htdocs\proyecto\sys
in SYSTEMPATH\CLI\CLI.php on line 776.
 1 [internal function]: CodeIgniter\Debug\Exceptions->shutdownHandler()
CRITICAL - 2022-11-06 04:58:35 --> The framework needs the following extension(s) installed and loaded: curl, intl, mbstring.
in SYSTEMPATH\CodeIgniter.php on line 224.
 1 SYSTEMPATH\CodeIgniter.php(224): CodeIgniter\Exceptions\FrameworkException::forMissingExtension('curl, intl, mbstring')
 2 SYSTEMPATH\CodeIgniter.php(182): CodeIgniter\CodeIgniter->resolvePlatformExtensions()
 3 ROOTPATH\spark(83): CodeIgniter\CodeIgniter->initialize()
CRITICAL - 2022-11-06 04:58:35 --> Uncaught Error: Call to undefined function CodeIgniter\CLI\mb_strpos() in C:\xampp\htdocs\proyecto\system\CLI\CLI.php:776
Stack trace:
#0 C:\xampp\htdocs\proyecto\system\CLI\CLI.php(161): CodeIgniter\CLI\CLI::parseCommandLine()
#1 C:\xampp\htdocs\proyecto\system\CLI\CLI.php(1018): CodeIgniter\CLI\CLI::init()
#2 C:\xampp\htdocs\proyecto\system\Autoloader\Autoloader.php(282): include_once('C:\\xampp\\htdocs...')
#3 C:\xampp\htdocs\proyecto\system\Autoloader\Autoloader.php(259): CodeIgniter\Autoloader\Autoloader->includeFile('C:\\xampp\\htdocs...')
#4 C:\xampp\htdocs\proyecto\system\Autoloader\Autoloader.php(237): CodeIgniter\Autoloader\Autoloader->loadInNamespace('CodeIgniter\\CLI...')
#5 [internal function]: CodeIgniter\Autoloader\Autoloader->loadClass('CodeIgniter\\CLI...')
#6 C:\xampp\htdocs\proyecto\app\Views\errors\cli\error_exception.php(6): spl_autoload_call('CodeIgniter\\CLI...')
#7 C:\xampp\htdocs\proyecto\system\Debug\Exceptions.php(284): include('C:\\xampp\\htdocs...')
#8 C:\xampp\htdocs\proyecto\sys
in SYSTEMPATH\CLI\CLI.php on line 776.
 1 [internal function]: CodeIgniter\Debug\Exceptions->shutdownHandler()
CRITICAL - 2022-11-06 04:58:59 --> The framework needs the following extension(s) installed and loaded: curl, intl, mbstring.
in SYSTEMPATH\CodeIgniter.php on line 224.
 1 SYSTEMPATH\CodeIgniter.php(224): CodeIgniter\Exceptions\FrameworkException::forMissingExtension('curl, intl, mbstring')
 2 SYSTEMPATH\CodeIgniter.php(182): CodeIgniter\CodeIgniter->resolvePlatformExtensions()
 3 ROOTPATH\spark(83): CodeIgniter\CodeIgniter->initialize()
CRITICAL - 2022-11-06 04:58:59 --> Uncaught Error: Call to undefined function CodeIgniter\CLI\mb_strpos() in C:\xampp\htdocs\proyecto\system\CLI\CLI.php:776
Stack trace:
#0 C:\xampp\htdocs\proyecto\system\CLI\CLI.php(161): CodeIgniter\CLI\CLI::parseCommandLine()
#1 C:\xampp\htdocs\proyecto\system\CLI\CLI.php(1018): CodeIgniter\CLI\CLI::init()
#2 C:\xampp\htdocs\proyecto\system\Autoloader\Autoloader.php(282): include_once('C:\\xampp\\htdocs...')
#3 C:\xampp\htdocs\proyecto\system\Autoloader\Autoloader.php(259): CodeIgniter\Autoloader\Autoloader->includeFile('C:\\xampp\\htdocs...')
#4 C:\xampp\htdocs\proyecto\system\Autoloader\Autoloader.php(237): CodeIgniter\Autoloader\Autoloader->loadInNamespace('CodeIgniter\\CLI...')
#5 [internal function]: CodeIgniter\Autoloader\Autoloader->loadClass('CodeIgniter\\CLI...')
#6 C:\xampp\htdocs\proyecto\app\Views\errors\cli\error_exception.php(6): spl_autoload_call('CodeIgniter\\CLI...')
#7 C:\xampp\htdocs\proyecto\system\Debug\Exceptions.php(284): include('C:\\xampp\\htdocs...')
#8 C:\xampp\htdocs\proyecto\sys
in SYSTEMPATH\CLI\CLI.php on line 776.
 1 [internal function]: CodeIgniter\Debug\Exceptions->shutdownHandler()
ERROR - 2022-11-06 05:34:32 --> Error connecting to the database: mysqli_sql_exception: No se puede establecer una conexión ya que el equipo de destino denegó expresamente dicha conexión.
 in C:\xampp\htdocs\proyecto\system\Database\MySQLi\Connection.php:171
Stack trace:
#0 C:\xampp\htdocs\proyecto\system\Database\MySQLi\Connection.php(171): mysqli->real_connect('localhost', 'root', '', 'codeigniterdb', 3306, '', 0)
#1 C:\xampp\htdocs\proyecto\system\Database\BaseConnection.php(382): CodeIgniter\Database\MySQLi\Connection->connect(false)
#2 C:\xampp\htdocs\proyecto\system\Database\BaseConnection.php(561): CodeIgniter\Database\BaseConnection->initialize()
#3 C:\xampp\htdocs\proyecto\system\Database\BaseBuilder.php(1916): CodeIgniter\Database\BaseConnection->query('INSERT INTO `us...', Array, false)
#4 C:\xampp\htdocs\proyecto\system\Model.php(279): CodeIgniter\Database\BaseBuilder->insert()
#5 C:\xampp\htdocs\proyecto\system\BaseModel.php(749): CodeIgniter\Model->doInsert(Array)
#6 C:\xampp\htdocs\proyecto\system\Model.php(667): CodeIgniter\BaseModel->insert(Array, true)
#7 C:\xampp\htdocs\proyecto\app\Controllers\UserCrud.php(27): CodeIgniter\Model->insert(Array)
#8 C:\xampp\htdocs\proyecto\system\CodeIgniter.php(927): App\Controllers\UserCrud->store()
#9 C:\xampp\htdocs\proyecto\system\CodeIgniter.php(482): CodeIgniter\CodeIgniter->runController(Object(App\Controllers\UserCrud))
#10 C:\xampp\htdocs\proyecto\system\CodeIgniter.php(351): CodeIgniter\CodeIgniter->handleRequest(NULL, Object(Config\Cache), false)
#11 C:\xampp\htdocs\proyecto\index.php(67): CodeIgniter\CodeIgniter->run()
#12 {main}

Next CodeIgniter\Database\Exceptions\DatabaseException: No se puede establecer una conexión ya que el equipo de destino denegó expresamente dicha conexión.
 in C:\xampp\htdocs\proyecto\system\Database\MySQLi\Connection.php:215
Stack trace:
#0 C:\xampp\htdocs\proyecto\system\Database\BaseConnection.php(382): CodeIgniter\Database\MySQLi\Connection->connect(false)
#1 C:\xampp\htdocs\proyecto\system\Database\BaseConnection.php(561): CodeIgniter\Database\BaseConnection->initialize()
#2 C:\xampp\htdocs\proyecto\system\Database\BaseBuilder.php(1916): CodeIgniter\Database\BaseConnection->query('INSERT INTO `us...', Array, false)
#3 C:\xampp\htdocs\proyecto\system\Model.php(279): CodeIgniter\Database\BaseBuilder->insert()
#4 C:\xampp\htdocs\proyecto\system\BaseModel.php(749): CodeIgniter\Model->doInsert(Array)
#5 C:\xampp\htdocs\proyecto\system\Model.php(667): CodeIgniter\BaseModel->insert(Array, true)
#6 C:\xampp\htdocs\proyecto\app\Controllers\UserCrud.php(27): CodeIgniter\Model->insert(Array)
#7 C:\xampp\htdocs\proyecto\system\CodeIgniter.php(927): App\Controllers\UserCrud->store()
#8 C:\xampp\htdocs\proyecto\system\CodeIgniter.php(482): CodeIgniter\CodeIgniter->runController(Object(App\Controllers\UserCrud))
#9 C:\xampp\htdocs\proyecto\system\CodeIgniter.php(351): CodeIgniter\CodeIgniter->handleRequest(NULL, Object(Config\Cache), false)
#10 C:\xampp\htdocs\proyecto\index.php(67): CodeIgniter\CodeIgniter->run()
#11 {main}
CRITICAL - 2022-11-06 05:34:32 --> Unable to connect to the database.
Main connection [MySQLi]: No se puede establecer una conexión ya que el equipo de destino denegó expresamente dicha conexión.

in SYSTEMPATH\Database\BaseConnection.php on line 418.
 1 SYSTEMPATH\Database\BaseConnection.php(561): CodeIgniter\Database\BaseConnection->initialize()
 2 SYSTEMPATH\Database\BaseBuilder.php(1916): CodeIgniter\Database\BaseConnection->query('INSERT INTO `users` (`name`, `email`) VALUES (:name:, :email:)', [...], false)
 3 SYSTEMPATH\Model.php(279): CodeIgniter\Database\BaseBuilder->insert()
 4 SYSTEMPATH\BaseModel.php(749): CodeIgniter\Model->doInsert([...])
 5 SYSTEMPATH\Model.php(667): CodeIgniter\BaseModel->insert([...], true)
 6 APPPATH\Controllers\UserCrud.php(27): CodeIgniter\Model->insert([...])
 7 SYSTEMPATH\CodeIgniter.php(927): App\Controllers\UserCrud->store()
 8 SYSTEMPATH\CodeIgniter.php(482): CodeIgniter\CodeIgniter->runController(Object(App\Controllers\UserCrud))
 9 SYSTEMPATH\CodeIgniter.php(351): CodeIgniter\CodeIgniter->handleRequest(null, Object(Config\Cache), false)
10 FCPATH\index.php(67): CodeIgniter\CodeIgniter->run()
